2025-09-04 16:16:49,287 INFO o.s.b.StartupInfoLogger [main] Starting S2POfficeApplication using Java 24.0.2 with PID 16368 (D:\Project\S2POffice\target\classes started by harsh in D:\Project\S2POffice)
2025-09-04 16:16:49,294 INFO o.s.b.SpringApplication [main] No active profile set, falling back to 1 default profile: "default"
2025-09-04 16:16:51,433 INFO o.s.d.r.c.RepositoryConfigurationDelegate [main] Bootstrapping Spring Data JPA repositories in DEFAULT mode.
2025-09-04 16:16:51,656 INFO o.s.d.r.c.RepositoryConfigurationDelegate [main] Finished Spring Data repository scanning in 208 ms. Found 22 JPA repository interfaces.
2025-09-04 16:16:52,822 INFO o.s.b.w.e.t.TomcatWebServer [main] Tomcat initialized with port 8080 (http)
2025-09-04 16:16:52,848 INFO o.a.j.l.DirectJDKLog [main] Initializing ProtocolHandler ["http-nio-8080"]
2025-09-04 16:16:52,854 INFO o.a.j.l.DirectJDKLog [main] Starting service [Tomcat]
2025-09-04 16:16:52,855 INFO o.a.j.l.DirectJDKLog [main] Starting Servlet engine: [Apache Tomcat/10.1.43]
2025-09-04 16:16:52,979 INFO o.a.j.l.DirectJDKLog [main] Initializing Spring embedded WebApplicationContext
2025-09-04 16:16:52,981 INFO o.s.b.w.s.c.ServletWebServerApplicationContext [main] Root WebApplicationContext: initialization completed in 3596 ms
2025-09-04 16:16:53,224 INFO c.z.h.HikariDataSource [main] HikariPool-1 - Starting...
2025-09-04 16:16:53,858 INFO c.z.h.p.HikariPool [main] HikariPool-1 - Added connection com.mysql.cj.jdbc.ConnectionImpl@2c2e3460
2025-09-04 16:16:53,862 INFO c.z.h.HikariDataSource [main] HikariPool-1 - Start completed.
2025-09-04 16:16:54,733 INFO o.s.o.j.p.SpringPersistenceUnitInfo [main] No LoadTimeWeaver setup: ignoring JPA class transformer
2025-09-04 16:16:57,247 INFO o.s.o.j.AbstractEntityManagerFactoryBean [main] Initialized JPA EntityManagerFactory for persistence unit 'default'
2025-09-04 16:16:58,599 WARN o.s.b.a.o.j.JpaBaseConfiguration$JpaWebConfiguration [main] spring.jpa.open-in-view is enabled by default. Therefore, database queries may be performed during view rendering. Explicitly configure spring.jpa.open-in-view to disable this warning
2025-09-04 16:16:58,636 INFO o.s.s.c.a.a.c.InitializeAuthenticationProviderBeanManagerConfigurer$InitializeAuthenticationProviderManagerConfigurer [main] Global AuthenticationManager configured with AuthenticationProvider bean with name s2POfficeUsernameAndPasswordAuthenticationProvider
2025-09-04 16:16:58,636 WARN o.s.s.c.a.a.c.InitializeUserDetailsBeanManagerConfigurer$InitializeUserDetailsManagerConfigurer [main] Global AuthenticationManager configured with an AuthenticationProvider bean. UserDetailsService beans will not be used by Spring Security for automatically configuring username/password login. Consider removing the AuthenticationProvider bean. Alternatively, consider using the UserDetailsService in a manually instantiated DaoAuthenticationProvider. If the current configuration is intentional, to turn off this warning, increase the logging level of 'org.springframework.security.config.annotation.authentication.configuration.InitializeUserDetailsBeanManagerConfigurer' to ERROR
2025-09-04 16:16:59,039 DEBUG o.s.w.s.h.AbstractHandlerMethodMapping [main] 107 mappings in 'requestMappingHandlerMapping'
2025-09-04 16:16:59,233 DEBUG o.s.w.s.h.SimpleUrlHandlerMapping [main] Patterns [/webjars/**, /**, /swagger-ui*/*swagger-initializer.js, /swagger-ui*/**] in 'resourceHandlerMapping'
2025-09-04 16:16:59,335 WARN o.s.s.c.a.w.AbstractRequestMatcherRegistry [main] One of the patterns in [api/v1/auth/admin/register] is missing a leading slash. This is discouraged; please include the leading slash in all your request matcher patterns. In future versions of Spring Security, leaving out the leading slash will result in an exception.
2025-09-04 16:16:59,337 WARN o.s.s.c.a.w.AbstractRequestMatcherRegistry [main] One of the patterns in [api/v1/auth/superAdmin] is missing a leading slash. This is discouraged; please include the leading slash in all your request matcher patterns. In future versions of Spring Security, leaving out the leading slash will result in an exception.
2025-09-04 16:16:59,396 INFO o.s.s.w.a.c.ChannelProcessingFilter [main] Validated configuration attributes
2025-09-04 16:16:59,656 INFO o.s.v.b.OptionalValidatorFactoryBean [main] Failed to set up a Bean Validation provider: jakarta.validation.NoProviderFoundException: Unable to create a Configuration, because no Jakarta Bean Validation provider could be found. Add a provider like Hibernate Validator (RI) to your classpath.
2025-09-04 16:16:59,699 DEBUG o.s.w.s.m.m.a.RequestMappingHandlerAdapter [main] ControllerAdvice beans: 0 @ModelAttribute, 0 @InitBinder, 1 RequestBodyAdvice, 1 ResponseBodyAdvice
2025-09-04 16:16:59,767 DEBUG o.s.w.s.m.m.a.ExceptionHandlerExceptionResolver [main] ControllerAdvice beans: 2 @ExceptionHandler, 1 ResponseBodyAdvice
2025-09-04 16:17:00,117 INFO o.a.j.l.DirectJDKLog [main] Starting ProtocolHandler ["http-nio-8080"]
2025-09-04 16:17:00,138 INFO o.s.b.w.e.t.TomcatWebServer [main] Tomcat started on port 8080 (http) with context path '/'
2025-09-04 16:17:00,155 INFO o.s.b.StartupInfoLogger [main] Started S2POfficeApplication in 11.878 seconds (process running for 12.625)
2025-09-04 16:31:22,872 WARN c.z.h.p.HikariPool$HouseKeeper [HikariPool-1:housekeeper] HikariPool-1 - Thread starvation or clock leap detected (housekeeper delta=7m28s893ms781µs800ns).
2025-09-04 17:40:43,768 INFO o.s.b.StartupInfoLogger [main] Starting S2POfficeApplication using Java 24.0.2 with PID 9956 (D:\Project\S2POffice\target\classes started by harsh in D:\Project\S2POffice)
2025-09-04 17:40:43,772 INFO o.s.b.SpringApplication [main] No active profile set, falling back to 1 default profile: "default"
2025-09-04 17:40:45,982 INFO o.s.d.r.c.RepositoryConfigurationDelegate [main] Bootstrapping Spring Data JPA repositories in DEFAULT mode.
2025-09-04 17:40:46,233 INFO o.s.d.r.c.RepositoryConfigurationDelegate [main] Finished Spring Data repository scanning in 233 ms. Found 22 JPA repository interfaces.
2025-09-04 17:40:47,544 INFO o.s.b.w.e.t.TomcatWebServer [main] Tomcat initialized with port 8080 (http)
2025-09-04 17:40:47,568 INFO o.a.j.l.DirectJDKLog [main] Initializing ProtocolHandler ["http-nio-8080"]
2025-09-04 17:40:47,571 INFO o.a.j.l.DirectJDKLog [main] Starting service [Tomcat]
2025-09-04 17:40:47,572 INFO o.a.j.l.DirectJDKLog [main] Starting Servlet engine: [Apache Tomcat/10.1.43]
2025-09-04 17:40:47,701 INFO o.a.j.l.DirectJDKLog [main] Initializing Spring embedded WebApplicationContext
2025-09-04 17:40:47,704 INFO o.s.b.w.s.c.ServletWebServerApplicationContext [main] Root WebApplicationContext: initialization completed in 3850 ms
2025-09-04 17:40:47,983 INFO c.z.h.HikariDataSource [main] HikariPool-1 - Starting...
2025-09-04 17:40:48,765 INFO c.z.h.p.HikariPool [main] HikariPool-1 - Added connection com.mysql.cj.jdbc.ConnectionImpl@4e4f4092
2025-09-04 17:40:48,768 INFO c.z.h.HikariDataSource [main] HikariPool-1 - Start completed.
2025-09-04 17:40:49,852 INFO o.s.o.j.p.SpringPersistenceUnitInfo [main] No LoadTimeWeaver setup: ignoring JPA class transformer
2025-09-04 17:40:52,931 INFO o.s.o.j.AbstractEntityManagerFactoryBean [main] Initialized JPA EntityManagerFactory for persistence unit 'default'
2025-09-04 17:40:54,396 WARN o.s.b.a.o.j.JpaBaseConfiguration$JpaWebConfiguration [main] spring.jpa.open-in-view is enabled by default. Therefore, database queries may be performed during view rendering. Explicitly configure spring.jpa.open-in-view to disable this warning
2025-09-04 17:40:54,449 INFO o.s.s.c.a.a.c.InitializeAuthenticationProviderBeanManagerConfigurer$InitializeAuthenticationProviderManagerConfigurer [main] Global AuthenticationManager configured with AuthenticationProvider bean with name s2POfficeUsernameAndPasswordAuthenticationProvider
2025-09-04 17:40:54,450 WARN o.s.s.c.a.a.c.InitializeUserDetailsBeanManagerConfigurer$InitializeUserDetailsManagerConfigurer [main] Global AuthenticationManager configured with an AuthenticationProvider bean. UserDetailsService beans will not be used by Spring Security for automatically configuring username/password login. Consider removing the AuthenticationProvider bean. Alternatively, consider using the UserDetailsService in a manually instantiated DaoAuthenticationProvider. If the current configuration is intentional, to turn off this warning, increase the logging level of 'org.springframework.security.config.annotation.authentication.configuration.InitializeUserDetailsBeanManagerConfigurer' to ERROR
2025-09-04 17:40:54,857 DEBUG o.s.w.s.h.AbstractHandlerMethodMapping [main] 107 mappings in 'requestMappingHandlerMapping'
2025-09-04 17:40:55,080 DEBUG o.s.w.s.h.SimpleUrlHandlerMapping [main] Patterns [/webjars/**, /**, /swagger-ui*/*swagger-initializer.js, /swagger-ui*/**] in 'resourceHandlerMapping'
2025-09-04 17:40:55,147 WARN o.s.s.c.a.w.AbstractRequestMatcherRegistry [main] One of the patterns in [api/v1/auth/admin/register] is missing a leading slash. This is discouraged; please include the leading slash in all your request matcher patterns. In future versions of Spring Security, leaving out the leading slash will result in an exception.
2025-09-04 17:40:55,150 WARN o.s.s.c.a.w.AbstractRequestMatcherRegistry [main] One of the patterns in [api/v1/auth/superAdmin] is missing a leading slash. This is discouraged; please include the leading slash in all your request matcher patterns. In future versions of Spring Security, leaving out the leading slash will result in an exception.
2025-09-04 17:40:55,200 INFO o.s.s.w.a.c.ChannelProcessingFilter [main] Validated configuration attributes
2025-09-04 17:40:55,403 INFO o.s.v.b.OptionalValidatorFactoryBean [main] Failed to set up a Bean Validation provider: jakarta.validation.NoProviderFoundException: Unable to create a Configuration, because no Jakarta Bean Validation provider could be found. Add a provider like Hibernate Validator (RI) to your classpath.
2025-09-04 17:40:55,449 DEBUG o.s.w.s.m.m.a.RequestMappingHandlerAdapter [main] ControllerAdvice beans: 0 @ModelAttribute, 0 @InitBinder, 1 RequestBodyAdvice, 1 ResponseBodyAdvice
2025-09-04 17:40:55,517 DEBUG o.s.w.s.m.m.a.ExceptionHandlerExceptionResolver [main] ControllerAdvice beans: 2 @ExceptionHandler, 1 ResponseBodyAdvice
2025-09-04 17:40:55,873 INFO o.s.b.w.e.t.TomcatWebServer [main] Tomcat started on port 8080 (http) with context path '/'
2025-09-04 17:40:55,900 INFO o.s.b.StartupInfoLogger [main] Started S2POfficeApplication in 13.203 seconds (process running for 14.975)
2025-09-04 17:40:55,907 INFO o.s.b.w.e.t.GracefulShutdown [SpringApplicationShutdownHook] Commencing graceful shutdown. Waiting for active requests to complete
2025-09-04 17:40:55,915 INFO o.s.b.w.e.t.GracefulShutdown [tomcat-shutdown] Graceful shutdown complete
2025-09-04 17:40:55,923 INFO o.s.o.j.AbstractEntityManagerFactoryBean [SpringApplicationShutdownHook] Closing JPA EntityManagerFactory for persistence unit 'default'
2025-09-04 17:40:55,927 INFO c.z.h.HikariDataSource [SpringApplicationShutdownHook] HikariPool-1 - Shutdown initiated...
2025-09-04 17:40:55,939 INFO c.z.h.HikariDataSource [SpringApplicationShutdownHook] HikariPool-1 - Shutdown completed.
2025-09-04 17:41:09,117 INFO o.s.b.StartupInfoLogger [main] Starting EnquiryServiceJUnitTest using Java 24.0.2 with PID 10068 (started by harsh in D:\Project\S2POffice)
2025-09-04 17:41:09,121 INFO o.s.b.SpringApplication [main] No active profile set, falling back to 1 default profile: "default"
2025-09-04 17:41:09,174 DEBUG o.s.c.s.AbstractApplicationContext [main] Refreshing org.springframework.web.context.support.GenericWebApplicationContext@32f0c7f8
2025-09-04 17:41:10,592 INFO o.s.d.r.c.RepositoryConfigurationDelegate [main] Bootstrapping Spring Data JPA repositories in DEFAULT mode.
2025-09-04 17:41:10,809 INFO o.s.d.r.c.RepositoryConfigurationDelegate [main] Finished Spring Data repository scanning in 199 ms. Found 22 JPA repository interfaces.
2025-09-04 17:41:11,614 INFO c.z.h.HikariDataSource [main] HikariPool-1 - Starting...
2025-09-04 17:41:12,368 INFO c.z.h.p.HikariPool [main] HikariPool-1 - Added connection com.mysql.cj.jdbc.ConnectionImpl@e7b0bec
2025-09-04 17:41:12,372 INFO c.z.h.HikariDataSource [main] HikariPool-1 - Start completed.
2025-09-04 17:41:13,213 INFO o.s.o.j.p.SpringPersistenceUnitInfo [main] No LoadTimeWeaver setup: ignoring JPA class transformer
2025-09-04 17:41:15,952 INFO o.s.o.j.AbstractEntityManagerFactoryBean [main] Initialized JPA EntityManagerFactory for persistence unit 'default'
2025-09-04 17:41:17,287 WARN o.s.b.a.o.j.JpaBaseConfiguration$JpaWebConfiguration [main] spring.jpa.open-in-view is enabled by default. Therefore, database queries may be performed during view rendering. Explicitly configure spring.jpa.open-in-view to disable this warning
2025-09-04 17:41:17,345 INFO o.s.s.c.a.a.c.InitializeAuthenticationProviderBeanManagerConfigurer$InitializeAuthenticationProviderManagerConfigurer [main] Global AuthenticationManager configured with AuthenticationProvider bean with name s2POfficeUsernameAndPasswordAuthenticationProvider
2025-09-04 17:41:17,347 WARN o.s.s.c.a.a.c.InitializeUserDetailsBeanManagerConfigurer$InitializeUserDetailsManagerConfigurer [main] Global AuthenticationManager configured with an AuthenticationProvider bean. UserDetailsService beans will not be used by Spring Security for automatically configuring username/password login. Consider removing the AuthenticationProvider bean. Alternatively, consider using the UserDetailsService in a manually instantiated DaoAuthenticationProvider. If the current configuration is intentional, to turn off this warning, increase the logging level of 'org.springframework.security.config.annotation.authentication.configuration.InitializeUserDetailsBeanManagerConfigurer' to ERROR
2025-09-04 17:41:17,689 DEBUG o.s.w.s.h.AbstractHandlerMethodMapping [main] 107 mappings in 'requestMappingHandlerMapping'
2025-09-04 17:41:17,891 DEBUG o.s.w.s.h.SimpleUrlHandlerMapping [main] Patterns [/webjars/**, /**, /swagger-ui*/*swagger-initializer.js, /swagger-ui*/**] in 'resourceHandlerMapping'
2025-09-04 17:41:17,944 WARN o.s.s.c.a.w.AbstractRequestMatcherRegistry [main] One of the patterns in [api/v1/auth/admin/register] is missing a leading slash. This is discouraged; please include the leading slash in all your request matcher patterns. In future versions of Spring Security, leaving out the leading slash will result in an exception.
2025-09-04 17:41:17,946 WARN o.s.s.c.a.w.AbstractRequestMatcherRegistry [main] One of the patterns in [api/v1/auth/superAdmin] is missing a leading slash. This is discouraged; please include the leading slash in all your request matcher patterns. In future versions of Spring Security, leaving out the leading slash will result in an exception.
2025-09-04 17:41:17,990 INFO o.s.s.w.a.c.ChannelProcessingFilter [main] Validated configuration attributes
2025-09-04 17:41:18,281 INFO o.s.v.b.OptionalValidatorFactoryBean [main] Failed to set up a Bean Validation provider: jakarta.validation.NoProviderFoundException: Unable to create a Configuration, because no Jakarta Bean Validation provider could be found. Add a provider like Hibernate Validator (RI) to your classpath.
2025-09-04 17:41:18,323 DEBUG o.s.w.s.m.m.a.RequestMappingHandlerAdapter [main] ControllerAdvice beans: 0 @ModelAttribute, 0 @InitBinder, 1 RequestBodyAdvice, 1 ResponseBodyAdvice
2025-09-04 17:41:18,402 DEBUG o.s.w.s.m.m.a.ExceptionHandlerExceptionResolver [main] ControllerAdvice beans: 2 @ExceptionHandler, 1 ResponseBodyAdvice
2025-09-04 17:41:18,881 INFO o.s.b.StartupInfoLogger [main] Started EnquiryServiceJUnitTest in 10.432 seconds (process running for 12.873)
2025-09-04 17:41:19,792 DEBUG o.s.c.s.AbstractApplicationContext [SpringApplicationShutdownHook] Closing org.springframework.web.context.support.GenericWebApplicationContext@32f0c7f8, started on Thu Sep 04 17:41:09 IST 2025
2025-09-04 17:41:19,803 INFO o.s.o.j.AbstractEntityManagerFactoryBean [SpringApplicationShutdownHook] Closing JPA EntityManagerFactory for persistence unit 'default'
2025-09-04 17:41:19,807 INFO c.z.h.HikariDataSource [SpringApplicationShutdownHook] HikariPool-1 - Shutdown initiated...
2025-09-04 17:41:19,827 INFO c.z.h.HikariDataSource [SpringApplicationShutdownHook] HikariPool-1 - Shutdown completed.
2025-09-04 17:49:52,858 INFO o.s.b.StartupInfoLogger [main] Starting EnquiryServiceJUnitTest using Java 24.0.2 with PID 19688 (started by harsh in D:\Project\S2POffice)
2025-09-04 17:49:52,863 INFO o.s.b.SpringApplication [main] No active profile set, falling back to 1 default profile: "default"
2025-09-04 17:49:52,913 DEBUG o.s.c.s.AbstractApplicationContext [main] Refreshing org.springframework.web.context.support.GenericWebApplicationContext@4315e9af
2025-09-04 17:49:54,279 INFO o.s.d.r.c.RepositoryConfigurationDelegate [main] Bootstrapping Spring Data JPA repositories in DEFAULT mode.
2025-09-04 17:49:54,530 INFO o.s.d.r.c.RepositoryConfigurationDelegate [main] Finished Spring Data repository scanning in 234 ms. Found 22 JPA repository interfaces.
2025-09-04 17:49:55,320 INFO c.z.h.HikariDataSource [main] HikariPool-1 - Starting...
2025-09-04 17:49:55,925 INFO c.z.h.p.HikariPool [main] HikariPool-1 - Added connection com.mysql.cj.jdbc.ConnectionImpl@2e159116
2025-09-04 17:49:55,932 INFO c.z.h.HikariDataSource [main] HikariPool-1 - Start completed.
2025-09-04 17:49:56,642 INFO o.s.o.j.p.SpringPersistenceUnitInfo [main] No LoadTimeWeaver setup: ignoring JPA class transformer
2025-09-04 17:49:59,203 INFO o.s.o.j.AbstractEntityManagerFactoryBean [main] Initialized JPA EntityManagerFactory for persistence unit 'default'
2025-09-04 17:50:00,687 WARN o.s.b.a.o.j.JpaBaseConfiguration$JpaWebConfiguration [main] spring.jpa.open-in-view is enabled by default. Therefore, database queries may be performed during view rendering. Explicitly configure spring.jpa.open-in-view to disable this warning
2025-09-04 17:50:00,760 INFO o.s.s.c.a.a.c.InitializeAuthenticationProviderBeanManagerConfigurer$InitializeAuthenticationProviderManagerConfigurer [main] Global AuthenticationManager configured with AuthenticationProvider bean with name s2POfficeUsernameAndPasswordAuthenticationProvider
2025-09-04 17:50:00,761 WARN o.s.s.c.a.a.c.InitializeUserDetailsBeanManagerConfigurer$InitializeUserDetailsManagerConfigurer [main] Global AuthenticationManager configured with an AuthenticationProvider bean. UserDetailsService beans will not be used by Spring Security for automatically configuring username/password login. Consider removing the AuthenticationProvider bean. Alternatively, consider using the UserDetailsService in a manually instantiated DaoAuthenticationProvider. If the current configuration is intentional, to turn off this warning, increase the logging level of 'org.springframework.security.config.annotation.authentication.configuration.InitializeUserDetailsBeanManagerConfigurer' to ERROR
2025-09-04 17:50:01,253 DEBUG o.s.w.s.h.AbstractHandlerMethodMapping [main] 107 mappings in 'requestMappingHandlerMapping'
2025-09-04 17:50:01,558 DEBUG o.s.w.s.h.SimpleUrlHandlerMapping [main] Patterns [/webjars/**, /**, /swagger-ui*/*swagger-initializer.js, /swagger-ui*/**] in 'resourceHandlerMapping'
2025-09-04 17:50:01,603 WARN o.s.s.c.a.w.AbstractRequestMatcherRegistry [main] One of the patterns in [api/v1/auth/admin/register] is missing a leading slash. This is discouraged; please include the leading slash in all your request matcher patterns. In future versions of Spring Security, leaving out the leading slash will result in an exception.
2025-09-04 17:50:01,605 WARN o.s.s.c.a.w.AbstractRequestMatcherRegistry [main] One of the patterns in [api/v1/auth/superAdmin] is missing a leading slash. This is discouraged; please include the leading slash in all your request matcher patterns. In future versions of Spring Security, leaving out the leading slash will result in an exception.
2025-09-04 17:50:01,638 INFO o.s.s.w.a.c.ChannelProcessingFilter [main] Validated configuration attributes
2025-09-04 17:50:01,924 INFO o.s.v.b.OptionalValidatorFactoryBean [main] Failed to set up a Bean Validation provider: jakarta.validation.NoProviderFoundException: Unable to create a Configuration, because no Jakarta Bean Validation provider could be found. Add a provider like Hibernate Validator (RI) to your classpath.
2025-09-04 17:50:01,961 DEBUG o.s.w.s.m.m.a.RequestMappingHandlerAdapter [main] ControllerAdvice beans: 0 @ModelAttribute, 0 @InitBinder, 1 RequestBodyAdvice, 1 ResponseBodyAdvice
2025-09-04 17:50:02,011 DEBUG o.s.w.s.m.m.a.ExceptionHandlerExceptionResolver [main] ControllerAdvice beans: 2 @ExceptionHandler, 1 ResponseBodyAdvice
2025-09-04 17:50:02,359 INFO o.s.b.StartupInfoLogger [main] Started EnquiryServiceJUnitTest in 10.186 seconds (process running for 12.699)
2025-09-04 17:50:03,030 DEBUG o.s.c.s.AbstractApplicationContext [SpringApplicationShutdownHook] Closing org.springframework.web.context.support.GenericWebApplicationContext@4315e9af, started on Thu Sep 04 17:49:52 IST 2025
2025-09-04 17:50:03,055 INFO o.s.o.j.AbstractEntityManagerFactoryBean [SpringApplicationShutdownHook] Closing JPA EntityManagerFactory for persistence unit 'default'
2025-09-04 17:50:03,059 INFO c.z.h.HikariDataSource [SpringApplicationShutdownHook] HikariPool-1 - Shutdown initiated...
2025-09-04 17:50:03,067 INFO c.z.h.HikariDataSource [SpringApplicationShutdownHook] HikariPool-1 - Shutdown completed.
