2025-09-20 19:28:23,563 WARN c.z.h.p.HikariPool$HouseKeeper [HikariPool-1:housekeeper] HikariPool-1 - Thread starvation or clock leap detected (housekeeper delta=21h56m38s806ms346µs400ns).
2025-09-20 19:53:26,323 WARN c.z.h.p.HikariPool$HouseKeeper [HikariPool-1:housekeeper] HikariPool-1 - Thread starvation or clock leap detected (housekeeper delta=11m32s728ms408µs800ns).
2025-09-20 22:32:21,973 WARN c.z.h.p.HikariPool$HouseKeeper [HikariPool-1:housekeeper] HikariPool-1 - Thread starvation or clock leap detected (housekeeper delta=2h38m55s653ms3µs800ns).
2025-09-20 22:41:36,667 WARN c.z.h.p.HikariPool$HouseKeeper [HikariPool-1:housekeeper] HikariPool-1 - Thread starvation or clock leap detected (housekeeper delta=1m44s673ms795µs300ns).
2025-09-20 22:56:59,267 WARN c.z.h.p.HikariPool$HouseKeeper [HikariPool-1:housekeeper] HikariPool-1 - Thread starvation or clock leap detected (housekeeper delta=8m52s590ms471µs800ns).
2025-09-20 22:59:09,680 WARN c.z.h.p.HikariPool$HouseKeeper [HikariPool-1:housekeeper] HikariPool-1 - Thread starvation or clock leap detected (housekeeper delta=2m10s413ms483µs800ns).
2025-09-20 23:23:41,091 WARN c.z.h.p.HikariPool$HouseKeeper [HikariPool-1:housekeeper] HikariPool-1 - Thread starvation or clock leap detected (housekeeper delta=12m1s386ms580µs500ns).
2025-09-20 23:44:18,834 WARN c.z.h.p.HikariPool$HouseKeeper [HikariPool-1:housekeeper] HikariPool-1 - Thread starvation or clock leap detected (housekeeper delta=17m37s738ms8µs).
2025-09-22 12:24:41,438 INFO o.s.b.StartupInfoLogger [main] Starting S2POfficeApplication using Java 24.0.2 with PID 16220 (D:\Project\S2POffice\target\classes started by harsh in D:\Project\S2POffice)
2025-09-22 12:24:41,444 INFO o.s.b.SpringApplication [main] No active profile set, falling back to 1 default profile: "default"
2025-09-22 12:24:43,450 INFO o.s.d.r.c.RepositoryConfigurationDelegate [main] Bootstrapping Spring Data JPA repositories in DEFAULT mode.
2025-09-22 12:24:43,713 INFO o.s.d.r.c.RepositoryConfigurationDelegate [main] Finished Spring Data repository scanning in 248 ms. Found 28 JPA repository interfaces.
2025-09-22 12:24:45,049 INFO o.s.b.w.e.t.TomcatWebServer [main] Tomcat initialized with port 8080 (http)
2025-09-22 12:24:45,072 INFO o.a.j.l.DirectJDKLog [main] Initializing ProtocolHandler ["http-nio-8080"]
2025-09-22 12:24:45,077 INFO o.a.j.l.DirectJDKLog [main] Starting service [Tomcat]
2025-09-22 12:24:45,077 INFO o.a.j.l.DirectJDKLog [main] Starting Servlet engine: [Apache Tomcat/10.1.43]
2025-09-22 12:24:45,191 INFO o.a.j.l.DirectJDKLog [main] Initializing Spring embedded WebApplicationContext
2025-09-22 12:24:45,192 INFO o.s.b.w.s.c.ServletWebServerApplicationContext [main] Root WebApplicationContext: initialization completed in 3675 ms
2025-09-22 12:24:45,452 INFO c.z.h.HikariDataSource [main] HikariPool-1 - Starting...
2025-09-22 12:24:46,360 INFO c.z.h.p.HikariPool [main] HikariPool-1 - Added connection com.mysql.cj.jdbc.ConnectionImpl@48c5698
2025-09-22 12:24:46,362 INFO c.z.h.HikariDataSource [main] HikariPool-1 - Start completed.
2025-09-22 12:24:47,515 INFO o.s.o.j.p.SpringPersistenceUnitInfo [main] No LoadTimeWeaver setup: ignoring JPA class transformer
2025-09-22 12:24:50,833 INFO o.s.o.j.AbstractEntityManagerFactoryBean [main] Initialized JPA EntityManagerFactory for persistence unit 'default'
2025-09-22 12:24:51,712 INFO o.s.d.j.r.q.QueryEnhancerFactory [main] Hibernate is in classpath; If applicable, HQL parser will be used.
2025-09-22 12:24:53,771 WARN o.s.b.a.o.j.JpaBaseConfiguration$JpaWebConfiguration [main] spring.jpa.open-in-view is enabled by default. Therefore, database queries may be performed during view rendering. Explicitly configure spring.jpa.open-in-view to disable this warning
2025-09-22 12:24:53,813 INFO o.s.s.c.a.a.c.InitializeAuthenticationProviderBeanManagerConfigurer$InitializeAuthenticationProviderManagerConfigurer [main] Global AuthenticationManager configured with AuthenticationProvider bean with name s2POfficeUsernameAndPasswordAuthenticationProvider
2025-09-22 12:24:53,814 WARN o.s.s.c.a.a.c.InitializeUserDetailsBeanManagerConfigurer$InitializeUserDetailsManagerConfigurer [main] Global AuthenticationManager configured with an AuthenticationProvider bean. UserDetailsService beans will not be used by Spring Security for automatically configuring username/password login. Consider removing the AuthenticationProvider bean. Alternatively, consider using the UserDetailsService in a manually instantiated DaoAuthenticationProvider. If the current configuration is intentional, to turn off this warning, increase the logging level of 'org.springframework.security.config.annotation.authentication.configuration.InitializeUserDetailsBeanManagerConfigurer' to ERROR
2025-09-22 12:24:54,231 DEBUG o.s.w.s.h.AbstractHandlerMethodMapping [main] 155 mappings in 'requestMappingHandlerMapping'
2025-09-22 12:24:54,352 DEBUG o.s.w.s.h.SimpleUrlHandlerMapping [main] Patterns [/webjars/**, /**, /swagger-ui*/*swagger-initializer.js, /swagger-ui*/**] in 'resourceHandlerMapping'
2025-09-22 12:24:54,395 WARN o.s.s.c.a.w.AbstractRequestMatcherRegistry [main] One of the patterns in [api/v1/auth/admin/register] is missing a leading slash. This is discouraged; please include the leading slash in all your request matcher patterns. In future versions of Spring Security, leaving out the leading slash will result in an exception.
2025-09-22 12:24:54,397 WARN o.s.s.c.a.w.AbstractRequestMatcherRegistry [main] One of the patterns in [api/v1/auth/superAdmin] is missing a leading slash. This is discouraged; please include the leading slash in all your request matcher patterns. In future versions of Spring Security, leaving out the leading slash will result in an exception.
2025-09-22 12:24:54,431 INFO o.s.s.w.a.c.ChannelProcessingFilter [main] Validated configuration attributes
2025-09-22 12:24:54,615 INFO o.s.v.b.OptionalValidatorFactoryBean [main] Failed to set up a Bean Validation provider: jakarta.validation.NoProviderFoundException: Unable to create a Configuration, because no Jakarta Bean Validation provider could be found. Add a provider like Hibernate Validator (RI) to your classpath.
2025-09-22 12:24:54,654 DEBUG o.s.w.s.m.m.a.RequestMappingHandlerAdapter [main] ControllerAdvice beans: 0 @ModelAttribute, 0 @InitBinder, 1 RequestBodyAdvice, 1 ResponseBodyAdvice
2025-09-22 12:24:54,713 DEBUG o.s.w.s.m.m.a.ExceptionHandlerExceptionResolver [main] ControllerAdvice beans: 2 @ExceptionHandler, 1 ResponseBodyAdvice
2025-09-22 12:24:55,031 INFO o.a.j.l.DirectJDKLog [main] Starting ProtocolHandler ["http-nio-8080"]
2025-09-22 12:24:55,049 INFO o.s.b.w.e.t.TomcatWebServer [main] Tomcat started on port 8080 (http) with context path '/'
2025-09-22 12:24:55,062 INFO o.s.b.StartupInfoLogger [main] Started S2POfficeApplication in 14.744 seconds (process running for 16.767)
2025-09-22 12:26:02,290 INFO o.s.b.w.e.t.GracefulShutdown [SpringApplicationShutdownHook] Commencing graceful shutdown. Waiting for active requests to complete
2025-09-22 12:26:02,303 INFO o.s.b.w.e.t.GracefulShutdown [tomcat-shutdown] Graceful shutdown complete
2025-09-22 12:26:02,320 INFO o.s.o.j.AbstractEntityManagerFactoryBean [SpringApplicationShutdownHook] Closing JPA EntityManagerFactory for persistence unit 'default'
2025-09-22 12:26:02,341 INFO c.z.h.HikariDataSource [SpringApplicationShutdownHook] HikariPool-1 - Shutdown initiated...
2025-09-22 12:26:02,378 INFO c.z.h.HikariDataSource [SpringApplicationShutdownHook] HikariPool-1 - Shutdown completed.
